mode: set
catalog/bussiness/product/product.go:25.11,35.2 1 1
catalog/bussiness/product/product.go:45.11,55.2 1 1
catalog/bussiness/product/service.go:20.48,24.2 1 1
catalog/bussiness/product/service.go:26.60,30.2 1 1
catalog/bussiness/product/service.go:32.55,36.16 2 1
catalog/bussiness/product/service.go:39.2,39.21 1 1
catalog/bussiness/product/service.go:36.16,38.3 1 0
catalog/bussiness/product/service.go:43.66,57.16 3 1
catalog/bussiness/product/service.go:60.2,60.12 1 1
catalog/bussiness/product/service.go:57.16,59.3 1 1
catalog/bussiness/product/service.go:64.74,78.16 3 1
catalog/bussiness/product/service.go:81.2,81.12 1 1
catalog/bussiness/product/service.go:78.16,80.3 1 1
catalog/bussiness/product/service.go:85.47,89.16 2 1
catalog/bussiness/product/service.go:92.2,92.12 1 1
catalog/bussiness/product/service.go:89.16,91.3 1 0
catalog/bussiness/category/category.go:17.12,23.2 1 1
catalog/bussiness/category/category.go:29.12,35.2 1 1
catalog/bussiness/category/service.go:15.48,19.2 1 1
catalog/bussiness/category/service.go:21.62,23.2 1 1
catalog/bussiness/category/service.go:25.56,28.16 2 1
catalog/bussiness/category/service.go:31.2,31.21 1 1
catalog/bussiness/category/service.go:28.16,30.3 1 0
catalog/bussiness/category/service.go:35.69,45.16 3 1
catalog/bussiness/category/service.go:48.2,48.12 1 1
catalog/bussiness/category/service.go:45.16,47.3 1 1
catalog/bussiness/category/service.go:52.77,62.16 3 1
catalog/bussiness/category/service.go:65.2,65.12 1 1
catalog/bussiness/category/service.go:62.16,64.3 1 1
catalog/bussiness/category/service.go:68.48,71.16 2 1
catalog/bussiness/category/service.go:74.2,74.12 1 1
catalog/bussiness/category/service.go:71.16,73.3 1 0
