mode: set
catalog/bussiness/category/category.go:16.12,21.2 1 1
catalog/bussiness/category/category.go:26.12,31.2 1 1
catalog/bussiness/category/service.go:12.48,16.2 1 1
catalog/bussiness/category/service.go:18.62,20.2 1 1
catalog/bussiness/category/service.go:22.56,25.16 2 1
catalog/bussiness/category/service.go:28.2,28.21 1 1
catalog/bussiness/category/service.go:25.16,27.3 1 0
catalog/bussiness/category/service.go:32.69,41.16 3 1
catalog/bussiness/category/service.go:44.2,44.12 1 1
catalog/bussiness/category/service.go:41.16,43.3 1 1
catalog/bussiness/category/service.go:48.77,57.16 3 1
catalog/bussiness/category/service.go:60.2,60.12 1 1
catalog/bussiness/category/service.go:57.16,59.3 1 1
catalog/bussiness/category/service.go:63.48,66.16 2 1
catalog/bussiness/category/service.go:69.2,69.12 1 1
catalog/bussiness/category/service.go:66.16,68.3 1 0
catalog/bussiness/product/product.go:22.11,30.2 1 1
catalog/bussiness/product/product.go:38.11,46.2 1 1
catalog/bussiness/product/service.go:15.48,19.2 1 1
catalog/bussiness/product/service.go:21.60,25.2 1 1
catalog/bussiness/product/service.go:27.78,31.16 2 1
catalog/bussiness/product/service.go:34.2,34.31 1 1
catalog/bussiness/product/service.go:31.16,33.3 1 0
catalog/bussiness/product/service.go:38.55,42.16 2 1
catalog/bussiness/product/service.go:45.2,45.21 1 1
catalog/bussiness/product/service.go:42.16,44.3 1 0
catalog/bussiness/product/service.go:49.66,61.16 3 1
catalog/bussiness/product/service.go:64.2,64.12 1 1
catalog/bussiness/product/service.go:61.16,63.3 1 1
catalog/bussiness/product/service.go:68.74,80.16 3 1
catalog/bussiness/product/service.go:83.2,83.12 1 1
catalog/bussiness/product/service.go:80.16,82.3 1 1
catalog/bussiness/product/service.go:87.47,91.16 2 1
catalog/bussiness/product/service.go:94.2,94.12 1 1
catalog/bussiness/product/service.go:91.16,93.3 1 0
